{
  message: 'Database connection successful',
  level: 'info',
  label: 'right meow!',
  timestamp: '2025-08-07T18:52:15.165Z'
}
{
  message: 'Database connection successful',
  level: 'info',
  label: 'right meow!',
  timestamp: '2025-08-07T18:52:28.953Z'
}
{
  message: 'Database connection successful',
  level: 'info',
  label: 'right meow!',
  timestamp: '2025-08-07T18:53:12.954Z'
}
{
  message: 'Database connection successful',
  level: 'error',
  label: 'right meow!',
  timestamp: '2025-08-07T18:54:28.753Z'
}
